<?xml version="1.0" encoding="UTF-8"?>
<!-- Generated by org.testng.reporters.JUnitReportReporter -->
<testsuite skipped="0" hostname="Lenovo-PC" name="testCases.Test_Pending_Leave" tests="1" failures="0" timestamp="2021-03-04T23:01:27 IST" time="10.076" errors="0">
  <testcase name="getPendingText" time="10.076" classname="testCases.Test_Pending_Leave"/>
  <system-out/>
</testsuite> <!-- testCases.Test_Pending_Leave -->
