<?xml version="1.0" encoding="UTF-8"?>
<!-- Generated by org.testng.reporters.JUnitReportReporter -->
<testsuite skipped="0" hostname="Lenovo-PC" name="testCases.Test_User_Role" tests="1" failures="0" timestamp="2021-03-04T23:01:27 IST" time="4.416" errors="0">
  <testcase name="checkuserManagement" time="4.416" classname="testCases.Test_User_Role"/>
  <system-out/>
</testsuite> <!-- testCases.Test_User_Role -->
